<?xml version="1.0" encoding="UTF-8"?>
<testng-results ignored="0" total="1" passed="1" failed="0" skipped="0">
  <reporter-output>
    <line>
      <![CDATA[execution started]]>
    </line>
    <line>
      <![CDATA[execution completed]]>
    </line>
  </reporter-output>
  <suite started-at="2022-12-27T14:59:44 IST" name="Default suite" finished-at="2022-12-27T15:00:48 IST" duration-ms="64272">
    <groups>
    </groups>
    <test started-at="2022-12-27T14:59:44 IST" name="Default test" finished-at="2022-12-27T15:00:48 IST" duration-ms="64272">
      <class name="com.acti.test.ActitimeLoginLogout">
        <test-method is-config="true" signature="executionstart()[pri:0, instance:com.acti.test.ActitimeLoginLogout@298a5e20]" started-at="2022-12-27T14:59:44 IST" name="executionstart" finished-at="2022-12-27T14:59:44 IST" duration-ms="13" status="PASS">
          <reporter-output>
            <line>
              <![CDATA[execution started]]>
            </line>
          </reporter-output>
        </test-method> <!-- executionstart -->
        <test-method is-config="true" signature="setup()[pri:0, instance:com.acti.test.ActitimeLoginLogout@298a5e20]" started-at="2022-12-27T14:59:44 IST" name="setup" finished-at="2022-12-27T15:00:40 IST" duration-ms="55892" status="PASS">
          <reporter-output>
          </reporter-output>
        </test-method> <!-- setup -->
        <test-method signature="loginlogout()[pri:0, instance:com.acti.test.ActitimeLoginLogout@298a5e20]" started-at="2022-12-27T15:00:40 IST" name="loginlogout" finished-at="2022-12-27T15:00:48 IST" duration-ms="8322" status="PASS">
          <reporter-output>
          </reporter-output>
        </test-method> <!-- loginlogout -->
        <test-method is-config="true" signature="teardown()[pri:0, instance:com.acti.test.ActitimeLoginLogout@298a5e20]" started-at="2022-12-27T15:00:48 IST" name="teardown" finished-at="2022-12-27T15:00:48 IST" duration-ms="1" status="PASS">
          <reporter-output>
          </reporter-output>
        </test-method> <!-- teardown -->
        <test-method is-config="true" signature="executioncomplete()[pri:0, instance:com.acti.test.ActitimeLoginLogout@298a5e20]" started-at="2022-12-27T15:00:49 IST" name="executioncomplete" finished-at="2022-12-27T15:00:49 IST" duration-ms="1" status="PASS">
          <reporter-output>
            <line>
              <![CDATA[execution completed]]>
            </line>
          </reporter-output>
        </test-method> <!-- executioncomplete -->
      </class> <!-- com.acti.test.ActitimeLoginLogout -->
    </test> <!-- Default test -->
  </suite> <!-- Default suite -->
</testng-results>
